<?xml version="1.0" encoding="UTF-8"?>
<!-- Generated by org.testng.reporters.JUnitReportReporter -->
<testsuite skipped="3" hostname="DESKTOP-CG9G5TL" name="com.raqa.testcases.LogInPageTest" tests="4" failures="0" timestamp="02 Oct 2019 08:24:42 GMT" time="4.768" errors="1">
  <testcase name="Pre" time="4.768" classname="com.raqa.testcases.LogInPageTest">
    <error type="org.openqa.selenium.SessionNotCreatedException" message="session not created: This version of ChromeDriver only supports Chrome version 75
Build info: version: &#039;3.4.0&#039;, revision: &#039;unknown&#039;, time: &#039;unknown&#039;
System info: host: &#039;DESKTOP-CG9G5TL&#039;, ip: &#039;192.168.43.50&#039;, os.name: &#039;Windows 10&#039;, os.arch: &#039;amd64&#039;, os.version: &#039;10.0&#039;, java.version: &#039;1.8.0_201&#039;
Driver info: driver.version: ChromeDriver
remote stacktrace: Backtrace:
	Ordinal0 [0x00C11B43+1448771]
	Ordinal0 [0x00B95A31+940593]
	Ordinal0 [0x00B22293+467603]
	Ordinal0 [0x00ABF27E+62078]
	Ordinal0 [0x00ABBBBD+48061]
	Ordinal0 [0x00AD8D09+167177]
	Ordinal0 [0x00AD88DD+166109]
	Ordinal0 [0x00AD6FEB+159723]
	Ordinal0 [0x00AC09F6+68086]
	Ordinal0 [0x00AC1990+72080]
	Ordinal0 [0x00AC1929+71977]
	GetHandleVerifier [0x00D52E8C+1172172]
	GetHandleVerifier [0x00CAFE55+504469]
	GetHandleVerifier [0x00CAFBF0+503856]
	Ordinal0 [0x00C1C9C8+1493448]
	GetHandleVerifier [0x00CB062A+506474]
	Ordinal0 [0x00BA7156+1012054]
	Ordinal0 [0x00BA6FCF+1011663]
	Ordinal0 [0x00BB135B+1053531]
	Ordinal0 [0x00BB14C3+1053891]
	Ordinal0 [0x00BB04F5+1049845]
	BaseThreadInitThunk [0x74BF8744+36]
	RtlGetAppContainerNamedObjectPath [0x7794587D+253]
	RtlGetAppContainerNamedObjectPath [0x7794584D+205]
">
      <![CDATA[org.openqa.selenium.SessionNotCreatedException: session not created: This version of ChromeDriver only supports Chrome version 75
Build info: version: '3.4.0', revision: 'unknown', time: 'unknown'
System info: host: 'DESKTOP-CG9G5TL', ip: '192.168.43.50', os.name: 'Windows 10', os.arch: 'amd64', os.version: '10.0', java.version: '1.8.0_201'
Driver info: driver.version: ChromeDriver
remote stacktrace: Backtrace:
Ordinal0 [0x00C11B43+1448771]
Ordinal0 [0x00B95A31+940593]
Ordinal0 [0x00B22293+467603]
Ordinal0 [0x00ABF27E+62078]
Ordinal0 [0x00ABBBBD+48061]
Ordinal0 [0x00AD8D09+167177]
Ordinal0 [0x00AD88DD+166109]
Ordinal0 [0x00AD6FEB+159723]
Ordinal0 [0x00AC09F6+68086]
Ordinal0 [0x00AC1990+72080]
Ordinal0 [0x00AC1929+71977]
GetHandleVerifier [0x00D52E8C+1172172]
GetHandleVerifier [0x00CAFE55+504469]
GetHandleVerifier [0x00CAFBF0+503856]
Ordinal0 [0x00C1C9C8+1493448]
GetHandleVerifier [0x00CB062A+506474]
Ordinal0 [0x00BA7156+1012054]
Ordinal0 [0x00BA6FCF+1011663]
Ordinal0 [0x00BB135B+1053531]
Ordinal0 [0x00BB14C3+1053891]
Ordinal0 [0x00BB04F5+1049845]
BaseThreadInitThunk [0x74BF8744+36]
RtlGetAppContainerNamedObjectPath [0x7794587D+253]
RtlGetAppContainerNamedObjectPath [0x7794584D+205]

at sun.reflect.NativeConstructorAccessorImpl.newInstance0(Native Method)
at sun.reflect.NativeConstructorAccessorImpl.newInstance(Unknown Source)
at sun.reflect.DelegatingConstructorAccessorImpl.newInstance(Unknown Source)
at java.lang.reflect.Constructor.newInstance(Unknown Source)
at org.openqa.selenium.remote.W3CHandshakeResponse.lambda$new$0(W3CHandshakeResponse.java:57)
at org.openqa.selenium.remote.W3CHandshakeResponse.lambda$getResponseFunction$2(W3CHandshakeResponse.java:104)
at org.openqa.selenium.remote.ProtocolHandshake.lambda$createSession$22(ProtocolHandshake.java:365)
at java.util.stream.ReferencePipeline$3$1.accept(Unknown Source)
at java.util.Spliterators$ArraySpliterator.tryAdvance(Unknown Source)
at java.util.stream.ReferencePipeline.forEachWithCancel(Unknown Source)
at java.util.stream.AbstractPipeline.copyIntoWithCancel(Unknown Source)
at java.util.stream.AbstractPipeline.copyInto(Unknown Source)
at java.util.stream.AbstractPipeline.wrapAndCopyInto(Unknown Source)
at java.util.stream.FindOps$FindOp.evaluateSequential(Unknown Source)
at java.util.stream.AbstractPipeline.evaluate(Unknown Source)
at java.util.stream.ReferencePipeline.findFirst(Unknown Source)
at org.openqa.selenium.remote.ProtocolHandshake.createSession(ProtocolHandshake.java:368)
at org.openqa.selenium.remote.ProtocolHandshake.createSession(ProtocolHandshake.java:159)
at org.openqa.selenium.remote.HttpCommandExecutor.execute(HttpCommandExecutor.java:142)
at org.openqa.selenium.remote.service.DriverCommandExecutor.execute(DriverCommandExecutor.java:82)
at org.openqa.selenium.remote.RemoteWebDriver.execute(RemoteWebDriver.java:637)
at org.openqa.selenium.remote.RemoteWebDriver.startSession(RemoteWebDriver.java:250)
at org.openqa.selenium.remote.RemoteWebDriver.startSession(RemoteWebDriver.java:236)
at org.openqa.selenium.remote.RemoteWebDriver.<init>(RemoteWebDriver.java:137)
at org.openqa.selenium.chrome.ChromeDriver.<init>(ChromeDriver.java:184)
at org.openqa.selenium.chrome.ChromeDriver.<init>(ChromeDriver.java:171)
at org.openqa.selenium.chrome.ChromeDriver.<init>(ChromeDriver.java:124)
at com.raqa.testcases.LogInPageTest.Pre(LogInPageTest.java:40)
at sun.reflect.NativeMethodAccessorImpl.invoke0(Native Method)
at sun.reflect.NativeMethodAccessorImpl.invoke(Unknown Source)
at sun.reflect.DelegatingMethodAccessorImpl.invoke(Unknown Source)
at java.lang.reflect.Method.invoke(Unknown Source)
at org.testng.internal.MethodInvocationHelper.invokeMethod(MethodInvocationHelper.java:124)
at org.testng.internal.MethodInvocationHelper.invokeMethodConsideringTimeout(MethodInvocationHelper.java:59)
at org.testng.internal.Invoker.invokeConfigurationMethod(Invoker.java:458)
at org.testng.internal.Invoker.invokeConfigurations(Invoker.java:222)
at org.testng.internal.Invoker.invokeConfigurations(Invoker.java:142)
at org.testng.TestRunner.beforeRun(TestRunner.java:529)
at org.testng.TestRunner.run(TestRunner.java:497)
at org.testng.SuiteRunner.runTest(SuiteRunner.java:455)
at org.testng.SuiteRunner.runSequentially(SuiteRunner.java:450)
at org.testng.SuiteRunner.privateRun(SuiteRunner.java:415)
at org.testng.SuiteRunner.run(SuiteRunner.java:364)
at org.testng.SuiteRunnerWorker.runSuite(SuiteRunnerWorker.java:52)
at org.testng.SuiteRunnerWorker.run(SuiteRunnerWorker.java:84)
at org.testng.TestNG.runSuitesSequentially(TestNG.java:1208)
at org.testng.TestNG.runSuitesLocally(TestNG.java:1137)
at org.testng.TestNG.runSuites(TestNG.java:1049)
at org.testng.TestNG.run(TestNG.java:1017)
at org.testng.remote.AbstractRemoteTestNG.run(AbstractRemoteTestNG.java:115)
at org.testng.remote.RemoteTestNG.initAndRun(RemoteTestNG.java:251)
at org.testng.remote.RemoteTestNG.main(RemoteTestNG.java:77)
]]>
    </error>
  </testcase> <!-- Pre -->
  <testcase name="loginTest" time="0.000" classname="com.raqa.testcases.LogInPageTest">
    <skipped/>
  </testcase> <!-- loginTest -->
  <testcase name="tenentSlection" time="0.000" classname="com.raqa.testcases.LogInPageTest">
    <skipped/>
  </testcase> <!-- tenentSlection -->
  <testcase name="medelMadule" time="0.000" classname="com.raqa.testcases.LogInPageTest">
    <skipped/>
  </testcase> <!-- medelMadule -->
</testsuite> <!-- com.raqa.testcases.LogInPageTest -->
